{
  "RSpec": {
    "coverage": {
      "/Users/noahgottlieb/Desktop/code/Urban-Sherpa/spec/controllers/charges_controller_spec.rb": [
        1,
        null,
        1,
        null,
        null
      ],
      "/Users/noahgottlieb/Desktop/code/Urban-Sherpa/spec/rails_helper.rb": [
        null,
        1,
        1,
        1,
        null,
        1,
        1,
        1,
        1,
        null,
        null,
        null,
        null,
        null,
        null,
        null,
        null,
        null,
        null,
        null,
        null,
        null,
        null,
        null,
        null,
        null,
        null,
        null,
        1,
        null,
        1,
        null,
        1,
        null,
        null,
        null,
        null,
        1,
        null,
        1,
        1,
        null,
        null,
        1,
        27,
        27,
        null,
        null,
        null,
        null,
        null,
        null,
        null,
        null,
        null,
        null,
        null,
        null,
        null,
        null,
        null,
        null,
        1,
        null,
        null,
        1,
        null,
        null,
        null,
        null,
        1,
        1,
        null,
        null,
        1,
        1,
        1,
        1,
        null,
        null
      ],
      "/Users/noahgottlieb/Desktop/code/Urban-Sherpa/config/environment.rb": [
        null,
        1,
        null,
        null,
        1
      ],
      "/Users/noahgottlieb/Desktop/code/Urban-Sherpa/config/application.rb": [
        1,
        null,
        1,
        null,
        1,
        1,
        1,
        1,
        1,
        1,
        1,
        1,
        null,
        null,
        null,
        null,
        1,
        null,
        1,
        1,
        null,
        1,
        null,
        null,
        null,
        null,
        null,
        null,
        1,
        null,
        null
      ],
      "/Users/noahgottlieb/Desktop/code/Urban-Sherpa/config/boot.rb": [
        1,
        null,
        1
      ],
      "/Users/noahgottlieb/Desktop/code/Urban-Sherpa/config/spring.rb": [
        null,
        null,
        null,
        null,
        null,
        5
      ],
      "/Users/noahgottlieb/Desktop/code/Urban-Sherpa/config/environments/test.rb": [
        1,
        null,
        null,
        null,
        null,
        null,
        null,
        1,
        null,
        null,
        null,
        null,
        1,
        null,
        null,
        1,
        1,
        null,
        null,
        null,
        null,
        1,
        1,
        null,
        null,
        1,
        null,
        null,
        1,
        1,
        null,
        null,
        null,
        null,
        1,
        null,
        null,
        1,
        null,
        null,
        null,
        null
      ],
      "/Users/noahgottlieb/Desktop/code/Urban-Sherpa/config/initializers/application_controller_renderer.rb": [
        null,
        null,
        null,
        null,
        null,
        null,
        null,
        null
      ],
      "/Users/noahgottlieb/Desktop/code/Urban-Sherpa/config/initializers/assets.rb": [
        null,
        null,
        null,
        1,
        null,
        null,
        null,
        null,
        1,
        null,
        null,
        null,
        null,
        null
      ],
      "/Users/noahgottlieb/Desktop/code/Urban-Sherpa/config/initializers/backtrace_silencers.rb": [
        null,
        null,
        null,
        null,
        null,
        null,
        null
      ],
      "/Users/noahgottlieb/Desktop/code/Urban-Sherpa/config/initializers/cookies_serializer.rb": [
        null,
        null,
        null,
        null,
        1
      ],
      "/Users/noahgottlieb/Desktop/code/Urban-Sherpa/config/initializers/filter_parameter_logging.rb": [
        null,
        null,
        null,
        1
      ],
      "/Users/noahgottlieb/Desktop/code/Urban-Sherpa/config/initializers/inflections.rb": [
        null,
        null,
        null,
        null,
        null,
        null,
        null,
        null,
        null,
        null,
        null,
        null,
        null,
        null,
        null,
        null
      ],
      "/Users/noahgottlieb/Desktop/code/Urban-Sherpa/config/initializers/mime_types.rb": [
        null,
        null,
        null,
        null
      ],
      "/Users/noahgottlieb/Desktop/code/Urban-Sherpa/config/initializers/paperclip.rb": [
        1
      ],
      "/Users/noahgottlieb/Desktop/code/Urban-Sherpa/config/initializers/stripe.rb": [
        1,
        null,
        null,
        null,
        null,
        1
      ],
      "/Users/noahgottlieb/Desktop/code/Urban-Sherpa/config/initializers/wrap_parameters.rb": [
        null,
        null,
        null,
        null,
        null,
        null,
        1,
        2,
        null,
        null,
        null,
        null,
        null,
        null
      ],
      "/Users/noahgottlieb/Desktop/code/Urban-Sherpa/app/channels/application_cable/channel.rb": [
        1,
        1,
        null,
        null
      ],
      "/Users/noahgottlieb/Desktop/code/Urban-Sherpa/app/channels/application_cable/connection.rb": [
        1,
        1,
        null,
        null
      ],
      "/Users/noahgottlieb/Desktop/code/Urban-Sherpa/app/controllers/application_controller.rb": [
        1,
        1,
        1,
        1,
        1,
        1,
        null,
        1,
        126,
        119,
        null,
        null,
        null,
        1,
        4,
        null,
        null,
        1,
        19,
        null,
        null,
        1,
        2,
        0,
        0,
        null,
        null,
        null,
        1,
        0,
        0,
        0,
        null,
        null,
        null,
        1,
        10,
        0,
        0,
        null,
        null,
        null,
        1,
        36,
        0,
        null,
        36,
        null,
        null,
        null
      ],
      "/Users/noahgottlieb/Desktop/code/Urban-Sherpa/app/helpers/application_helper.rb": [
        1,
        null
      ],
      "/Users/noahgottlieb/Desktop/code/Urban-Sherpa/app/helpers/charges_helper.rb": [
        1,
        null
      ],
      "/Users/noahgottlieb/Desktop/code/Urban-Sherpa/app/helpers/tour_cart_helper.rb": [
        1,
        1,
        34,
        null,
        null
      ],
      "/Users/noahgottlieb/Desktop/code/Urban-Sherpa/app/controllers/carts_controller.rb": [
        1,
        null,
        1,
        0,
        null,
        null,
        null
      ],
      "/Users/noahgottlieb/Desktop/code/Urban-Sherpa/app/controllers/charges_controller.rb": [
        1,
        1,
        0,
        null,
        null,
        1,
        null,
        0,
        0,
        null,
        null,
        null,
        null,
        0,
        null,
        0,
        null,
        null,
        null,
        0,
        0,
        null,
        0,
        0,
        null,
        null
      ],
      "/Users/noahgottlieb/Desktop/code/Urban-Sherpa/app/controllers/comments_controller.rb": [
        1,
        null,
        1,
        0,
        0,
        null,
        null,
        1,
        0,
        0,
        0,
        0,
        0,
        null,
        0,
        0,
        null,
        null,
        null,
        1,
        null,
        1,
        0,
        null,
        null
      ],
      "/Users/noahgottlieb/Desktop/code/Urban-Sherpa/app/controllers/sessions_controller.rb": [
        1,
        1,
        4,
        4,
        4,
        4,
        4,
        8,
        4,
        null,
        null,
        0,
        0,
        0,
        0,
        null,
        null,
        null,
        null,
        1,
        0,
        0,
        0,
        0,
        null,
        null
      ],
      "/Users/noahgottlieb/Desktop/code/Urban-Sherpa/app/controllers/tour_orders_controller.rb": [
        1,
        1,
        1,
        0,
        0,
        0,
        0,
        0,
        0,
        0,
        0,
        null,
        null,
        1,
        0,
        0,
        0,
        0,
        0,
        0,
        0,
        0,
        0,
        null,
        null,
        1,
        null,
        1,
        0,
        null,
        null
      ],
      "/Users/noahgottlieb/Desktop/code/Urban-Sherpa/app/controllers/tours_controller.rb": [
        1,
        1,
        1,
        1,
        14,
        null,
        null,
        1,
        2,
        2,
        null,
        null,
        1,
        3,
        null,
        null,
        1,
        3,
        3,
        3,
        3,
        null,
        0,
        null,
        null,
        null,
        1,
        2,
        null,
        null,
        1,
        2,
        2,
        1,
        1,
        null,
        1,
        null,
        null,
        null,
        1,
        0,
        0,
        0,
        0,
        null,
        null,
        1,
        null,
        1,
        5,
        null,
        null
      ],
      "/Users/noahgottlieb/Desktop/code/Urban-Sherpa/app/controllers/users_controller.rb": [
        1,
        1,
        0,
        null,
        null,
        1,
        2,
        null,
        null,
        1,
        1,
        1,
        null,
        1,
        1,
        1,
        1,
        1,
        1,
        null,
        0,
        0,
        null,
        null,
        null,
        1,
        0,
        null,
        null,
        1,
        0,
        0,
        0,
        0,
        null,
        null,
        1,
        null,
        1,
        1,
        null,
        null,
        null
      ],
      "/Users/noahgottlieb/Desktop/code/Urban-Sherpa/app/jobs/application_job.rb": [
        1,
        null
      ],
      "/Users/noahgottlieb/Desktop/code/Urban-Sherpa/app/mailers/application_mailer.rb": [
        1,
        1,
        1,
        null
      ],
      "/Users/noahgottlieb/Desktop/code/Urban-Sherpa/app/mailers/user_mailer.rb": [
        1,
        null
      ],
      "/Users/noahgottlieb/Desktop/code/Urban-Sherpa/app/models/account.rb": [
        1,
        1,
        1,
        null
      ],
      "/Users/noahgottlieb/Desktop/code/Urban-Sherpa/app/models/application_record.rb": [
        1,
        1,
        null
      ],
      "/Users/noahgottlieb/Desktop/code/Urban-Sherpa/app/models/comment.rb": [
        1,
        1,
        1,
        1,
        null
      ],
      "/Users/noahgottlieb/Desktop/code/Urban-Sherpa/app/models/order.rb": [
        1,
        1,
        1,
        1,
        null,
        1,
        1,
        null,
        1,
        0,
        null,
        null,
        1,
        null,
        1,
        0,
        0,
        null,
        null,
        null,
        1,
        0,
        null,
        null
      ],
      "/Users/noahgottlieb/Desktop/code/Urban-Sherpa/app/models/tour.rb": [
        1,
        1,
        1,
        1,
        1,
        1,
        1,
        1,
        1,
        1,
        1,
        null
      ],
      "/Users/noahgottlieb/Desktop/code/Urban-Sherpa/app/models/tour_order.rb": [
        1,
        1,
        1,
        null
      ],
      "/Users/noahgottlieb/Desktop/code/Urban-Sherpa/app/models/user.rb": [
        1,
        1,
        1,
        1,
        1,
        1,
        1,
        1,
        1,
        1,
        1,
        null,
        1,
        13,
        8,
        3,
        null,
        null,
        null,
        null,
        1,
        7,
        7,
        null,
        null,
        1,
        4,
        4,
        4,
        null,
        null,
        null,
        null,
        null
      ],
      "/Users/noahgottlieb/Desktop/code/Urban-Sherpa/spec/factories.rb": [
        1,
        null,
        1,
        1,
        1,
        1,
        1,
        5,
        null,
        null
      ],
      "/Users/noahgottlieb/Desktop/code/Urban-Sherpa/config/routes.rb": [
        1,
        1,
        null,
        1,
        1,
        1,
        1,
        1,
        1,
        null,
        1,
        1,
        null,
        1,
        1,
        1,
        null,
        null,
        1,
        1,
        null,
        null,
        1,
        1,
        null,
        null,
        1,
        1,
        null,
        null
      ],
      "/Users/noahgottlieb/Desktop/code/Urban-Sherpa/spec/features/guide_tour_creation_spec.rb": [
        1,
        null,
        1,
        1,
        1,
        1,
        1,
        1,
        1,
        1,
        1,
        1,
        1,
        1,
        1,
        1,
        1,
        1,
        1,
        1,
        1,
        null,
        null
      ],
      "/Users/noahgottlieb/Desktop/code/Urban-Sherpa/spec/features/guide_tour_edit_spec.rb": [
        1,
        null,
        1,
        1,
        1,
        1,
        1,
        1,
        1,
        1,
        1,
        1,
        1,
        1,
        1,
        1,
        1,
        1,
        1,
        1,
        1,
        1,
        1,
        1,
        1,
        null,
        null,
        1,
        1,
        1,
        1,
        1,
        1,
        1,
        1,
        1,
        1,
        1,
        1,
        1,
        1,
        1,
        1,
        1,
        1,
        1,
        1,
        1,
        1,
        null,
        null
      ],
      "/Users/noahgottlieb/Desktop/code/Urban-Sherpa/spec/features/user_creation_spec.rb": [
        1,
        null,
        1,
        1,
        1,
        1,
        1,
        1,
        1,
        1,
        1,
        1,
        1,
        1,
        1,
        null,
        null
      ],
      "/Users/noahgottlieb/Desktop/code/Urban-Sherpa/spec/features/user_signin_spec.rb": [
        1,
        null,
        1,
        1,
        1,
        1,
        1,
        1,
        1,
        1,
        1,
        null,
        null
      ],
      "/Users/noahgottlieb/Desktop/code/Urban-Sherpa/spec/mailers/user_mailer_spec.rb": [
        1,
        null,
        1,
        1,
        null
      ],
      "/Users/noahgottlieb/Desktop/code/Urban-Sherpa/spec/models/account_spec.rb": [
        1,
        null,
        1,
        2,
        2,
        null
      ],
      "/Users/noahgottlieb/Desktop/code/Urban-Sherpa/spec/models/comment_spec.rb": [
        1,
        null,
        1,
        2,
        2,
        null
      ],
      "/Users/noahgottlieb/Desktop/code/Urban-Sherpa/spec/models/order_spec.rb": [
        1,
        null,
        1,
        2,
        2,
        2,
        null
      ],
      "/Users/noahgottlieb/Desktop/code/Urban-Sherpa/spec/models/tour_order_spec.rb": [
        1,
        null,
        1,
        2,
        2,
        null
      ],
      "/Users/noahgottlieb/Desktop/code/Urban-Sherpa/spec/models/tour_spec.rb": [
        1,
        null,
        1,
        2,
        2,
        2,
        2,
        2,
        2,
        2,
        null
      ],
      "/Users/noahgottlieb/Desktop/code/Urban-Sherpa/spec/models/user_spec.rb": [
        1,
        null,
        1,
        2,
        2,
        2,
        2,
        2,
        2,
        null
      ]
    },
    "timestamp": 1525305567
  }
}
